\BOOKMARK [0][-]{chapter.1}{Introduction}{}% 1
\BOOKMARK [1][-]{section.1.1}{Motivation}{chapter.1}% 2
\BOOKMARK [1][-]{section.1.2}{Challenges and Difficulties}{chapter.1}% 3
\BOOKMARK [1][-]{section.1.3}{Problem Statement}{chapter.1}% 4
\BOOKMARK [0][-]{chapter.2}{Background}{}% 5
\BOOKMARK [1][-]{section.2.1}{SSD: Single Shot multi-box Detector model}{chapter.2}% 6
\BOOKMARK [2][-]{subsection.2.1.1}{Loss Function}{section.2.1}% 7
\BOOKMARK [1][-]{section.2.2}{Uncertainty Quantification in Deep Neural Networks}{chapter.2}% 8
\BOOKMARK [2][-]{subsection.2.2.1}{Bayesian Neural Networks}{section.2.2}% 9
\BOOKMARK [2][-]{subsection.2.2.2}{Deep Ensembles}{section.2.2}% 10
\BOOKMARK [0][-]{chapter.3}{Related Work}{}% 11
\BOOKMARK [1][-]{section.3.1}{Object Detection}{chapter.3}% 12
\BOOKMARK [2][-]{subsection.3.1.1}{Region based \(Two Stage\) frameworks}{section.3.1}% 13
\BOOKMARK [2][-]{subsection.3.1.2}{Unified \(Single Stage\) frameworks}{section.3.1}% 14
\BOOKMARK [2][-]{subsection.3.1.3}{Object-Detection Metrics}{section.3.1}% 15
\BOOKMARK [1][-]{section.3.2}{Out-Of-Distribution Detection}{chapter.3}% 16
\BOOKMARK [2][-]{subsection.3.2.1}{Metric based methods}{section.3.2}% 17
\BOOKMARK [2][-]{subsection.3.2.2}{Inconsistency based methods}{section.3.2}% 18
\BOOKMARK [2][-]{subsection.3.2.3}{Generative methods}{section.3.2}% 19
\BOOKMARK [2][-]{subsection.3.2.4}{Uncertainty based methods}{section.3.2}% 20
\BOOKMARK [1][-]{section.3.3}{ood methods - Deep Dive}{chapter.3}% 21
\BOOKMARK [2][-]{subsection.3.3.1}{Max Softmax Probability}{section.3.3}% 22
\BOOKMARK [2][-]{subsection.3.3.2}{ODIN}{section.3.3}% 23
\BOOKMARK [2][-]{subsection.3.3.3}{Mahalanobis distance-based OOD Detector}{section.3.3}% 24
\BOOKMARK [1][-]{section.3.4}{Datasets}{chapter.3}% 25
\BOOKMARK [0][-]{chapter.4}{Benchmarking}{}% 26
\BOOKMARK [1][-]{section.4.1}{Datasets}{chapter.4}% 27
\BOOKMARK [2][-]{subsection.4.1.1}{Berkley Deep Drive \(BDD100K\) Dataset}{section.4.1}% 28
\BOOKMARK [2][-]{subsection.4.1.2}{Indian Driving Dataset}{section.4.1}% 29
\BOOKMARK [2][-]{subsection.4.1.3}{bdd-Weather Dataset}{section.4.1}% 30
\BOOKMARK [2][-]{subsection.4.1.4}{Performance Metrics}{section.4.1}% 31
\BOOKMARK [1][-]{section.4.2}{Out-of-Distribution for Object Detection \(OD2\) Dataset Summary}{chapter.4}% 32
\BOOKMARK [0][-]{chapter.5}{Experimental Setup}{}% 33
\BOOKMARK [1][-]{section.5.1}{Object Detection Model}{chapter.5}% 34
\BOOKMARK [2][-]{subsection.5.1.1}{paz}{section.5.1}% 35
\BOOKMARK [2][-]{subsection.5.1.2}{Tensorflow}{section.5.1}% 36
\BOOKMARK [2][-]{subsection.5.1.3}{Compute Platform}{section.5.1}% 37
\BOOKMARK [2][-]{subsection.5.1.4}{Training}{section.5.1}% 38
\BOOKMARK [1][-]{section.5.2}{Out Of Distribution Detection }{chapter.5}% 39
\BOOKMARK [2][-]{subsection.5.2.1}{ODIN}{section.5.2}% 40
\BOOKMARK [2][-]{subsection.5.2.2}{Mahalanobis Distance based ood Detector}{section.5.2}% 41
\BOOKMARK [2][-]{subsection.5.2.3}{Bayesian-SSD Object Detector}{section.5.2}% 42
\BOOKMARK [2][-]{subsection.5.2.4}{Sub-Ensemble based SSD Object Detector}{section.5.2}% 43
\BOOKMARK [0][-]{chapter.6}{Experiments}{}% 44
\BOOKMARK [1][-]{section.6.1}{Training and Evaluating an ssd Object Detector using bdd Dataset}{chapter.6}% 45
\BOOKMARK [1][-]{section.6.2}{ood Detection}{chapter.6}% 46
\BOOKMARK [2][-]{subsection.6.2.1}{Max Softmax}{section.6.2}% 47
\BOOKMARK [2][-]{subsection.6.2.2}{Softmax-based ODIN}{section.6.2}% 48
\BOOKMARK [1][-]{section.6.3}{Uncertainty based ood Detection}{chapter.6}% 49
\BOOKMARK [2][-]{subsection.6.3.1}{Training Bayesian and Sub-Ensemble based SSD Object Detector}{section.6.3}% 50
\BOOKMARK [2][-]{subsection.6.3.2}{Quantification of Uncertainty in SSD Object Detector}{section.6.3}% 51
\BOOKMARK [2][-]{subsection.6.3.3}{Out-of-Distribution Detection quantification using Uncertainty Quantification methods}{section.6.3}% 52
\BOOKMARK [2][-]{subsection.6.3.4}{ood Detection with bdd-Weather dataset}{section.6.3}% 53
\BOOKMARK [0][-]{chapter.7}{Conclusions}{}% 54
\BOOKMARK [1][-]{section.7.1}{Contributions}{chapter.7}% 55
\BOOKMARK [1][-]{section.7.2}{Lessons Learned}{chapter.7}% 56
\BOOKMARK [1][-]{section.7.3}{Future Work}{chapter.7}% 57
